Application/build/outputs/apk/manifest-merger-debug-report.txt
-- Merging decision tree log ---
manifest
ADDED from AndroidManifest.xml:18:1
	package
		ADDED from AndroidManifest.xml:19:5
	android:versionName
		ADDED from AndroidManifest.xml:21:5
	android:versionCode
		ADDED from AndroidManifest.xml:20:5
		INJECTED from AndroidManifest.xml:0:0
		INJECTED from AndroidManifest.xml:0:0
	xmlns:android
		ADDED from AndroidManifest.xml:18:11
uses-permission#android.permission.INTERNET
ADDED from AndroidManifest.xml:25:5
	android:name
		ADDED from AndroidManifest.xml:25:22
uses-permission#android.permission.ACCESS_FINE_LOCATION
ADDED from AndroidManifest.xml:26:5
	android:name
		ADDED from AndroidManifest.xml:26:22
uses-permission#android.permission.BLUETOOTH_ADMIN
ADDED from AndroidManifest.xml:27:5
	android:name
		ADDED from AndroidManifest.xml:27:22
uses-permission#android.permission.BLUETOOTH
ADDED from AndroidManifest.xml:28:5
	android:name
		ADDED from AndroidManifest.xml:28:22
uses-permission#android.permission.ACCESS_NETWORK_STATE
ADDED from AndroidManifest.xml:29:5
	android:name
		ADDED from AndroidManifest.xml:29:22
uses-permission#android.permission.ACCESS_WIFI_STATE
ADDED from AndroidManifest.xml:30:5
	android:name
		ADDED from AndroidManifest.xml:30:22
uses-permission#android.permission.CHANGE_WIFI_STATE
ADDED from AndroidManifest.xml:31:5
	android:name
		ADDED from AndroidManifest.xml:31:22
uses-permission#android.permission.WRITE_EXTERNAL_STORAGE
ADDED from AndroidManifest.xml:32:5
	android:name
		ADDED from AndroidManifest.xml:32:22
uses-permission#android.permission.RECORD_AUDIO
ADDED from AndroidManifest.xml:33:5
	android:name
		ADDED from AndroidManifest.xml:33:22
uses-permission#android.permission.READ_CALL_LOG
ADDED from AndroidManifest.xml:34:5
	android:name
		ADDED from AndroidManifest.xml:34:22
uses-permission#android.permission.CAMERA
ADDED from AndroidManifest.xml:35:5
	android:name
		ADDED from AndroidManifest.xml:35:22
uses-permission#android.permission.READ_PHONE_STATE
ADDED from AndroidManifest.xml:36:5
	android:name
		ADDED from AndroidManifest.xml:36:22
uses-permission#android.permission.PROCESS_OUTGOING_CALLS
ADDED from AndroidManifest.xml:37:5
	android:name
		ADDED from AndroidManifest.xml:37:22
uses-feature#android.hardware.camera
ADDED from AndroidManifest.xml:39:5
	android:name
		ADDED from AndroidManifest.xml:39:19
uses-feature#android.hardware.camera.autofocus
ADDED from AndroidManifest.xml:40:5
	android:name
		ADDED from AndroidManifest.xml:40:19
uses-feature#android.hardware.camera.front
ADDED from AndroidManifest.xml:41:5
	android:required
		ADDED from AndroidManifest.xml:43:9
	android:name
		ADDED from AndroidManifest.xml:42:9
uses-permission#android.permission.READ_SMS
ADDED from AndroidManifest.xml:45:5
	android:name
		ADDED from AndroidManifest.xml:45:22
uses-permission#android.permission.SYSTEM_ALERT_WINDOW
ADDED from AndroidManifest.xml:46:5
	android:name
		ADDED from AndroidManifest.xml:46:22
uses-permission#android.permission.WRITE_SETTINGS
ADDED from AndroidManifest.xml:47:5
	android:name
		ADDED from AndroidManifest.xml:47:22
permission#android.permission.MEDIA_CONTENT_CONTROL
ADDED from AndroidManifest.xml:49:5
	android:name
		ADDED from AndroidManifest.xml:49:17
uses-permission#android.permission.RECEIVE_BOOT_COMPLETED
ADDED from AndroidManifest.xml:51:5
	android:name
		ADDED from AndroidManifest.xml:51:22
uses-permission#android.permission.READ_CONTACTS
ADDED from AndroidManifest.xml:52:5
	android:name
		ADDED from AndroidManifest.xml:52:22
uses-permission#android.permission.CALL_PHONE
ADDED from AndroidManifest.xml:53:5
	android:name
		ADDED from AndroidManifest.xml:53:22
application
ADDED from AndroidManifest.xml:55:5
MERGED from com.android.support:support-v4:21.0.2:19:5
	android:label
		ADDED from AndroidManifest.xml:58:9
	android:allowBackup
		ADDED from AndroidManifest.xml:56:9
	android:icon
		ADDED from AndroidManifest.xml:59:9
	android:theme
		ADDED from AndroidManifest.xml:60:9
	android:name
		ADDED from AndroidManifest.xml:57:9
activity#com.example.android.qcircleview.ChooseClock
ADDED from AndroidManifest.xml:63:9
	android:label
		ADDED from AndroidManifest.xml:65:13
	android:excludeFromRecents
		ADDED from AndroidManifest.xml:64:13
	android:name
		ADDED from AndroidManifest.xml:66:13
activity#com.example.android.qcircleview.simpleweather.WeatherActivity
ADDED from AndroidManifest.xml:68:9
	android:screenOrientation
		ADDED from AndroidManifest.xml:69:13
	android:label
		ADDED from AndroidManifest.xml:71:13
	android:excludeFromRecents
		ADDED from AndroidManifest.xml:70:13
	android:theme
		ADDED from AndroidManifest.xml:72:13
	android:name
		ADDED from AndroidManifest.xml:73:13
activity#com.example.android.qcircleview.StatusBarToggles
ADDED from AndroidManifest.xml:75:9
	android:screenOrientation
		ADDED from AndroidManifest.xml:76:13
	android:label
		ADDED from AndroidManifest.xml:78:13
	android:excludeFromRecents
		ADDED from AndroidManifest.xml:77:13
	android:theme
		ADDED from AndroidManifest.xml:79:13
	android:name
		ADDED from AndroidManifest.xml:80:13
activity#com.example.android.qcircleview.VoiceRecorder
ADDED from AndroidManifest.xml:82:9
	android:screenOrientation
		ADDED from AndroidManifest.xml:83:13
	android:label
		ADDED from AndroidManifest.xml:85:13
	android:excludeFromRecents
		ADDED from AndroidManifest.xml:84:13
	android:theme
		ADDED from AndroidManifest.xml:86:13
	android:name
		ADDED from AndroidManifest.xml:87:13
activity#com.example.android.qcircleview.DialerAppActivity
ADDED from AndroidManifest.xml:89:9
	android:screenOrientation
		ADDED from AndroidManifest.xml:90:13
	android:label
		ADDED from AndroidManifest.xml:92:13
	android:excludeFromRecents
		ADDED from AndroidManifest.xml:91:13
	android:theme
		ADDED from AndroidManifest.xml:93:13
	android:name
		ADDED from AndroidManifest.xml:94:13
activity#com.example.android.qcircleview.Calc
ADDED from AndroidManifest.xml:96:9
	android:screenOrientation
		ADDED from AndroidManifest.xml:97:13
	android:label
		ADDED from AndroidManifest.xml:99:13
	android:excludeFromRecents
		ADDED from AndroidManifest.xml:98:13
	android:theme
		ADDED from AndroidManifest.xml:100:13
	android:name
		ADDED from AndroidManifest.xml:101:13
activity#com.example.android.qcircleview.StopWatch
ADDED from AndroidManifest.xml:103:9
	android:screenOrientation
		ADDED from AndroidManifest.xml:104:13
	android:label
		ADDED from AndroidManifest.xml:106:13
	android:excludeFromRecents
		ADDED from AndroidManifest.xml:105:13
	android:theme
		ADDED from AndroidManifest.xml:107:13
	android:name
		ADDED from AndroidManifest.xml:108:13
activity#com.example.android.qcircleview.IncomingCall
ADDED from AndroidManifest.xml:110:9
	android:screenOrientation
		ADDED from AndroidManifest.xml:111:13
	android:label
		ADDED from AndroidManifest.xml:113:13
	android:excludeFromRecents
		ADDED from AndroidManifest.xml:112:13
	android:theme
		ADDED from AndroidManifest.xml:114:13
	android:name
		ADDED from AndroidManifest.xml:115:13
activity#com.example.android.qcircleview.Contact
ADDED from AndroidManifest.xml:117:9
	android:screenOrientation
		ADDED from AndroidManifest.xml:118:13
	android:label
		ADDED from AndroidManifest.xml:120:13
	android:excludeFromRecents
		ADDED from AndroidManifest.xml:119:13
	android:theme
		ADDED from AndroidManifest.xml:121:13
	android:name
		ADDED from AndroidManifest.xml:122:13
activity#com.example.android.qcircleview.Camera
ADDED from AndroidManifest.xml:124:9
	android:screenOrientation
		ADDED from AndroidManifest.xml:125:13
	android:label
		ADDED from AndroidManifest.xml:127:13
	android:excludeFromRecents
		ADDED from AndroidManifest.xml:126:13
	android:theme
		ADDED from AndroidManifest.xml:128:13
	android:name
		ADDED from AndroidManifest.xml:129:13
activity#com.example.android.qcircleview.SmsDetails
ADDED from AndroidManifest.xml:131:9
	android:screenOrientation
		ADDED from AndroidManifest.xml:132:13
	android:label
		ADDED from AndroidManifest.xml:134:13
	android:excludeFromRecents
		ADDED from AndroidManifest.xml:133:13
	android:theme
		ADDED from AndroidManifest.xml:135:13
	android:name
		ADDED from AndroidManifest.xml:136:13
activity#com.example.android.qcircleview.Sms
ADDED from AndroidManifest.xml:138:9
	android:screenOrientation
		ADDED from AndroidManifest.xml:139:13
	android:label
		ADDED from AndroidManifest.xml:141:13
	android:excludeFromRecents
		ADDED from AndroidManifest.xml:140:13
	android:theme
		ADDED from AndroidManifest.xml:142:13
	android:name
		ADDED from AndroidManifest.xml:143:13
activity#com.example.android.qcircleview.Menu
ADDED from AndroidManifest.xml:145:9
	android:screenOrientation
		ADDED from AndroidManifest.xml:146:13
	android:label
		ADDED from AndroidManifest.xml:148:13
	android:excludeFromRecents
		ADDED from AndroidManifest.xml:147:13
	android:theme
		ADDED from AndroidManifest.xml:149:13
	android:name
		ADDED from AndroidManifest.xml:150:13
activity#com.example.android.qcircleview.FlashLightActivity
ADDED from AndroidManifest.xml:152:9
	android:screenOrientation
		ADDED from AndroidManifest.xml:153:13
	android:label
		ADDED from AndroidManifest.xml:155:13
	android:excludeFromRecents
		ADDED from AndroidManifest.xml:154:13
	android:theme
		ADDED from AndroidManifest.xml:156:13
	android:name
		ADDED from AndroidManifest.xml:157:13
activity#com.example.android.qcircleview.Configuration
ADDED from AndroidManifest.xml:159:9
	android:label
		ADDED from AndroidManifest.xml:163:13
	android:excludeFromRecents
		ADDED from AndroidManifest.xml:161:13
	android:launchMode
		ADDED from AndroidManifest.xml:162:13
	android:name
		ADDED from AndroidManifest.xml:160:13
intent-filter#android.intent.action.MAIN+android.intent.category.LAUNCHER
ADDED from AndroidManifest.xml:164:13
action#android.intent.action.MAIN
ADDED from AndroidManifest.xml:165:17
	android:name
		ADDED from AndroidManifest.xml:165:25
category#android.intent.category.LAUNCHER
ADDED from AndroidManifest.xml:166:17
	android:name
		ADDED from AndroidManifest.xml:166:27
activity#com.example.android.qcircleview.MainActivity
ADDED from AndroidManifest.xml:169:9
	android:screenOrientation
		ADDED from AndroidManifest.xml:173:13
	android:label
		ADDED from AndroidManifest.xml:174:13
	android:excludeFromRecents
		ADDED from AndroidManifest.xml:171:13
	android:launchMode
		ADDED from AndroidManifest.xml:172:13
	android:theme
		ADDED from AndroidManifest.xml:175:13
	android:name
		ADDED from AndroidManifest.xml:170:13
receiver#com.example.android.qcircleview.findcontact
ADDED from AndroidManifest.xml:178:9
	android:enabled
		ADDED from AndroidManifest.xml:180:13
	android:exported
		ADDED from AndroidManifest.xml:181:13
	android:name
		ADDED from AndroidManifest.xml:179:13
intent-filter#android.intent.findcontact
ADDED from AndroidManifest.xml:182:13
action#android.intent.findcontact
ADDED from AndroidManifest.xml:183:17
	android:name
		ADDED from AndroidManifest.xml:183:25
receiver#com.example.android.qcircleview.ReceiverCall
ADDED from AndroidManifest.xml:186:9
	android:enabled
		ADDED from AndroidManifest.xml:188:13
	android:exported
		ADDED from AndroidManifest.xml:189:13
	android:name
		ADDED from AndroidManifest.xml:187:13
intent-filter#android.intent.action.BOOT_COMPLETED+com.android.techtrainner
ADDED from AndroidManifest.xml:190:13
action#com.android.techtrainner
ADDED from AndroidManifest.xml:191:17
	android:name
		ADDED from AndroidManifest.xml:191:25
action#android.intent.action.BOOT_COMPLETED
ADDED from AndroidManifest.xml:192:17
	android:name
		ADDED from AndroidManifest.xml:192:25
service#com.example.android.qcircleview.Cover
ADDED from AndroidManifest.xml:196:9
	android:enabled
		ADDED from AndroidManifest.xml:198:13
	android:label
		ADDED from AndroidManifest.xml:199:13
	android:name
		ADDED from AndroidManifest.xml:197:13
service#com.example.android.qcircleview.CallDetectService
ADDED from AndroidManifest.xml:201:9
	android:enabled
		ADDED from AndroidManifest.xml:203:13
	android:exported
		ADDED from AndroidManifest.xml:204:13
	android:name
		ADDED from AndroidManifest.xml:202:13
service#com.example.android.qcircleview.NotificationListener
ADDED from AndroidManifest.xml:206:9
	android:enabled
		ADDED from AndroidManifest.xml:209:13
	android:label
		ADDED from AndroidManifest.xml:208:13
	android:permission
		ADDED from AndroidManifest.xml:210:13
	android:name
		ADDED from AndroidManifest.xml:207:13
intent-filter#android.service.notification.NotificationListenerService
ADDED from AndroidManifest.xml:211:13
action#android.service.notification.NotificationListenerService
ADDED from AndroidManifest.xml:212:17
	android:name
		ADDED from AndroidManifest.xml:212:25
uses-sdk
INJECTED from AndroidManifest.xml:0:0 reason: use-sdk injection requested
MERGED from com.android.support:support-v4:21.0.2:18:5
	android:targetSdkVersion
		INJECTED from AndroidManifest.xml:0:0
		INJECTED from AndroidManifest.xml:0:0
	android:minSdkVersion
		INJECTED from AndroidManifest.xml:0:0
		INJECTED from AndroidManifest.xml:0:0